
-------------------------------------------------------
   Running dirwatcher.py
   Started on 2020-07-20T13:37:55.473070
-------------------------------------------------------


-------------------------------------------------------
   Running dirwatcher.py
   Started on 2020-07-20T13:38:46.231192
-------------------------------------------------------

UNHANDLED EXCEPTION:'Namespace' object has no attribute 'path'
UNHANDLED EXCEPTION:'Namespace' object has no attribute 'path'
UNHANDLED EXCEPTION:'Namespace' object has no attribute 'path'
UNHANDLED EXCEPTION:'Namespace' object has no attribute 'path'
UNHANDLED EXCEPTION:'Namespace' object has no attribute 'path'
UNHANDLED EXCEPTION:'Namespace' object has no attribute 'path'
UNHANDLED EXCEPTION:'Namespace' object has no attribute 'path'
UNHANDLED EXCEPTION:'Namespace' object has no attribute 'path'
UNHANDLED EXCEPTION:'Namespace' object has no attribute 'path'
UNHANDLED EXCEPTION:'Namespace' object has no attribute 'path'
UNHANDLED EXCEPTION:'Namespace' object has no attribute 'path'
UNHANDLED EXCEPTION:'Namespace' object has no attribute 'path'
UNHANDLED EXCEPTION:'Namespace' object has no attribute 'path'
UNHANDLED EXCEPTION:'Namespace' object has no attribute 'path'
UNHANDLED EXCEPTION:'Namespace' object has no attribute 'path'
UNHANDLED EXCEPTION:'Namespace' object has no attribute 'path'
UNHANDLED EXCEPTION:'Namespace' object has no attribute 'path'
UNHANDLED EXCEPTION:'Namespace' object has no attribute 'path'
UNHANDLED EXCEPTION:'Namespace' object has no attribute 'path'
UNHANDLED EXCEPTION:'Namespace' object has no attribute 'path'
UNHANDLED EXCEPTION:'Namespace' object has no attribute 'path'
UNHANDLED EXCEPTION:'Namespace' object has no attribute 'path'
UNHANDLED EXCEPTION:'Namespace' object has no attribute 'path'
UNHANDLED EXCEPTION:'Namespace' object has no attribute 'path'
UNHANDLED EXCEPTION:'Namespace' object has no attribute 'path'
UNHANDLED EXCEPTION:'Namespace' object has no attribute 'path'
UNHANDLED EXCEPTION:'Namespace' object has no attribute 'path'
UNHANDLED EXCEPTION:'Namespace' object has no attribute 'path'
UNHANDLED EXCEPTION:'Namespace' object has no attribute 'path'
UNHANDLED EXCEPTION:'Namespace' object has no attribute 'path'
UNHANDLED EXCEPTION:'Namespace' object has no attribute 'path'
UNHANDLED EXCEPTION:'Namespace' object has no attribute 'path'
UNHANDLED EXCEPTION:'Namespace' object has no attribute 'path'
UNHANDLED EXCEPTION:'Namespace' object has no attribute 'path'
UNHANDLED EXCEPTION:'Namespace' object has no attribute 'path'
UNHANDLED EXCEPTION:'Namespace' object has no attribute 'path'
UNHANDLED EXCEPTION:'Namespace' object has no attribute 'path'
UNHANDLED EXCEPTION:'Namespace' object has no attribute 'path'
UNHANDLED EXCEPTION:'Namespace' object has no attribute 'path'
UNHANDLED EXCEPTION:'Namespace' object has no attribute 'path'
UNHANDLED EXCEPTION:'Namespace' object has no attribute 'path'
UNHANDLED EXCEPTION:'Namespace' object has no attribute 'path'
UNHANDLED EXCEPTION:'Namespace' object has no attribute 'path'
UNHANDLED EXCEPTION:'Namespace' object has no attribute 'path'
UNHANDLED EXCEPTION:'Namespace' object has no attribute 'path'
UNHANDLED EXCEPTION:'Namespace' object has no attribute 'path'
UNHANDLED EXCEPTION:'Namespace' object has no attribute 'path'
UNHANDLED EXCEPTION:'Namespace' object has no attribute 'path'
UNHANDLED EXCEPTION:'Namespace' object has no attribute 'path'
UNHANDLED EXCEPTION:'Namespace' object has no attribute 'path'
UNHANDLED EXCEPTION:'Namespace' object has no attribute 'path'
UNHANDLED EXCEPTION:'Namespace' object has no attribute 'path'
UNHANDLED EXCEPTION:'Namespace' object has no attribute 'path'
UNHANDLED EXCEPTION:'Namespace' object has no attribute 'path'
UNHANDLED EXCEPTION:'Namespace' object has no attribute 'path'
UNHANDLED EXCEPTION:'Namespace' object has no attribute 'path'
UNHANDLED EXCEPTION:'Namespace' object has no attribute 'path'
UNHANDLED EXCEPTION:'Namespace' object has no attribute 'path'
UNHANDLED EXCEPTION:'Namespace' object has no attribute 'path'
UNHANDLED EXCEPTION:'Namespace' object has no attribute 'path'
UNHANDLED EXCEPTION:'Namespace' object has no attribute 'path'
UNHANDLED EXCEPTION:'Namespace' object has no attribute 'path'
UNHANDLED EXCEPTION:'Namespace' object has no attribute 'path'
UNHANDLED EXCEPTION:'Namespace' object has no attribute 'path'
UNHANDLED EXCEPTION:'Namespace' object has no attribute 'path'
UNHANDLED EXCEPTION:'Namespace' object has no attribute 'path'
UNHANDLED EXCEPTION:'Namespace' object has no attribute 'path'
UNHANDLED EXCEPTION:'Namespace' object has no attribute 'path'
UNHANDLED EXCEPTION:'Namespace' object has no attribute 'path'
UNHANDLED EXCEPTION:'Namespace' object has no attribute 'path'
UNHANDLED EXCEPTION:'Namespace' object has no attribute 'path'
UNHANDLED EXCEPTION:'Namespace' object has no attribute 'path'
UNHANDLED EXCEPTION:'Namespace' object has no attribute 'path'
UNHANDLED EXCEPTION:'Namespace' object has no attribute 'path'
UNHANDLED EXCEPTION:'Namespace' object has no attribute 'path'
UNHANDLED EXCEPTION:'Namespace' object has no attribute 'path'
UNHANDLED EXCEPTION:'Namespace' object has no attribute 'path'
UNHANDLED EXCEPTION:'Namespace' object has no attribute 'path'
UNHANDLED EXCEPTION:'Namespace' object has no attribute 'path'
UNHANDLED EXCEPTION:'Namespace' object has no attribute 'path'
UNHANDLED EXCEPTION:'Namespace' object has no attribute 'path'
UNHANDLED EXCEPTION:'Namespace' object has no attribute 'path'
UNHANDLED EXCEPTION:'Namespace' object has no attribute 'path'
UNHANDLED EXCEPTION:'Namespace' object has no attribute 'path'
UNHANDLED EXCEPTION:'Namespace' object has no attribute 'path'
UNHANDLED EXCEPTION:'Namespace' object has no attribute 'path'
UNHANDLED EXCEPTION:'Namespace' object has no attribute 'path'
UNHANDLED EXCEPTION:'Namespace' object has no attribute 'path'
UNHANDLED EXCEPTION:'Namespace' object has no attribute 'path'
UNHANDLED EXCEPTION:'Namespace' object has no attribute 'path'
UNHANDLED EXCEPTION:'Namespace' object has no attribute 'path'
UNHANDLED EXCEPTION:'Namespace' object has no attribute 'path'
UNHANDLED EXCEPTION:'Namespace' object has no attribute 'path'
UNHANDLED EXCEPTION:'Namespace' object has no attribute 'path'
UNHANDLED EXCEPTION:'Namespace' object has no attribute 'path'
UNHANDLED EXCEPTION:'Namespace' object has no attribute 'path'
UNHANDLED EXCEPTION:'Namespace' object has no attribute 'path'
UNHANDLED EXCEPTION:'Namespace' object has no attribute 'path'
UNHANDLED EXCEPTION:'Namespace' object has no attribute 'path'
UNHANDLED EXCEPTION:'Namespace' object has no attribute 'path'
UNHANDLED EXCEPTION:'Namespace' object has no attribute 'path'
UNHANDLED EXCEPTION:'Namespace' object has no attribute 'path'
UNHANDLED EXCEPTION:'Namespace' object has no attribute 'path'
UNHANDLED EXCEPTION:'Namespace' object has no attribute 'path'
UNHANDLED EXCEPTION:'Namespace' object has no attribute 'path'
UNHANDLED EXCEPTION:'Namespace' object has no attribute 'path'
UNHANDLED EXCEPTION:'Namespace' object has no attribute 'path'
UNHANDLED EXCEPTION:'Namespace' object has no attribute 'path'
UNHANDLED EXCEPTION:'Namespace' object has no attribute 'path'
UNHANDLED EXCEPTION:'Namespace' object has no attribute 'path'
UNHANDLED EXCEPTION:'Namespace' object has no attribute 'path'
UNHANDLED EXCEPTION:'Namespace' object has no attribute 'path'
UNHANDLED EXCEPTION:'Namespace' object has no attribute 'path'
UNHANDLED EXCEPTION:'Namespace' object has no attribute 'path'
UNHANDLED EXCEPTION:'Namespace' object has no attribute 'path'
UNHANDLED EXCEPTION:'Namespace' object has no attribute 'path'
UNHANDLED EXCEPTION:'Namespace' object has no attribute 'path'
UNHANDLED EXCEPTION:'Namespace' object has no attribute 'path'
UNHANDLED EXCEPTION:'Namespace' object has no attribute 'path'
UNHANDLED EXCEPTION:'Namespace' object has no attribute 'path'
UNHANDLED EXCEPTION:'Namespace' object has no attribute 'path'
UNHANDLED EXCEPTION:'Namespace' object has no attribute 'path'
UNHANDLED EXCEPTION:'Namespace' object has no attribute 'path'
Received SIGINT

-------------------------------------------------------
   Running dirwatcher.py
   Started on 2020-07-20T13:41:38.302557
-------------------------------------------------------

UNHANDLED EXCEPTION:'Namespace' object has no attribute 'path'
UNHANDLED EXCEPTION:'Namespace' object has no attribute 'path'
UNHANDLED EXCEPTION:'Namespace' object has no attribute 'path'
UNHANDLED EXCEPTION:'Namespace' object has no attribute 'path'
UNHANDLED EXCEPTION:'Namespace' object has no attribute 'path'
UNHANDLED EXCEPTION:'Namespace' object has no attribute 'path'
UNHANDLED EXCEPTION:'Namespace' object has no attribute 'path'
UNHANDLED EXCEPTION:'Namespace' object has no attribute 'path'
UNHANDLED EXCEPTION:'Namespace' object has no attribute 'path'
UNHANDLED EXCEPTION:'Namespace' object has no attribute 'path'
UNHANDLED EXCEPTION:'Namespace' object has no attribute 'path'
UNHANDLED EXCEPTION:'Namespace' object has no attribute 'path'
UNHANDLED EXCEPTION:'Namespace' object has no attribute 'path'
UNHANDLED EXCEPTION:'Namespace' object has no attribute 'path'
UNHANDLED EXCEPTION:'Namespace' object has no attribute 'path'
UNHANDLED EXCEPTION:'Namespace' object has no attribute 'path'
UNHANDLED EXCEPTION:'Namespace' object has no attribute 'path'
UNHANDLED EXCEPTION:'Namespace' object has no attribute 'path'
UNHANDLED EXCEPTION:'Namespace' object has no attribute 'path'
UNHANDLED EXCEPTION:'Namespace' object has no attribute 'path'
UNHANDLED EXCEPTION:'Namespace' object has no attribute 'path'
UNHANDLED EXCEPTION:'Namespace' object has no attribute 'path'
UNHANDLED EXCEPTION:'Namespace' object has no attribute 'path'
UNHANDLED EXCEPTION:'Namespace' object has no attribute 'path'
UNHANDLED EXCEPTION:'Namespace' object has no attribute 'path'
UNHANDLED EXCEPTION:'Namespace' object has no attribute 'path'
UNHANDLED EXCEPTION:'Namespace' object has no attribute 'path'
UNHANDLED EXCEPTION:'Namespace' object has no attribute 'path'
UNHANDLED EXCEPTION:'Namespace' object has no attribute 'path'
UNHANDLED EXCEPTION:'Namespace' object has no attribute 'path'
UNHANDLED EXCEPTION:'Namespace' object has no attribute 'path'
UNHANDLED EXCEPTION:'Namespace' object has no attribute 'path'
UNHANDLED EXCEPTION:'Namespace' object has no attribute 'path'
UNHANDLED EXCEPTION:'Namespace' object has no attribute 'path'
UNHANDLED EXCEPTION:'Namespace' object has no attribute 'path'
UNHANDLED EXCEPTION:'Namespace' object has no attribute 'path'
UNHANDLED EXCEPTION:'Namespace' object has no attribute 'path'
UNHANDLED EXCEPTION:'Namespace' object has no attribute 'path'
UNHANDLED EXCEPTION:'Namespace' object has no attribute 'path'
UNHANDLED EXCEPTION:'Namespace' object has no attribute 'path'
UNHANDLED EXCEPTION:'Namespace' object has no attribute 'path'
UNHANDLED EXCEPTION:'Namespace' object has no attribute 'path'
UNHANDLED EXCEPTION:'Namespace' object has no attribute 'path'
UNHANDLED EXCEPTION:'Namespace' object has no attribute 'path'
UNHANDLED EXCEPTION:'Namespace' object has no attribute 'path'
UNHANDLED EXCEPTION:'Namespace' object has no attribute 'path'
UNHANDLED EXCEPTION:'Namespace' object has no attribute 'path'
UNHANDLED EXCEPTION:'Namespace' object has no attribute 'path'
UNHANDLED EXCEPTION:'Namespace' object has no attribute 'path'
UNHANDLED EXCEPTION:'Namespace' object has no attribute 'path'
UNHANDLED EXCEPTION:'Namespace' object has no attribute 'path'
UNHANDLED EXCEPTION:'Namespace' object has no attribute 'path'
UNHANDLED EXCEPTION:'Namespace' object has no attribute 'path'
UNHANDLED EXCEPTION:'Namespace' object has no attribute 'path'
UNHANDLED EXCEPTION:'Namespace' object has no attribute 'path'
UNHANDLED EXCEPTION:'Namespace' object has no attribute 'path'
UNHANDLED EXCEPTION:'Namespace' object has no attribute 'path'
UNHANDLED EXCEPTION:'Namespace' object has no attribute 'path'
UNHANDLED EXCEPTION:'Namespace' object has no attribute 'path'
UNHANDLED EXCEPTION:'Namespace' object has no attribute 'path'
UNHANDLED EXCEPTION:'Namespace' object has no attribute 'path'
UNHANDLED EXCEPTION:'Namespace' object has no attribute 'path'
UNHANDLED EXCEPTION:'Namespace' object has no attribute 'path'
UNHANDLED EXCEPTION:'Namespace' object has no attribute 'path'
UNHANDLED EXCEPTION:'Namespace' object has no attribute 'path'
UNHANDLED EXCEPTION:'Namespace' object has no attribute 'path'
UNHANDLED EXCEPTION:'Namespace' object has no attribute 'path'
UNHANDLED EXCEPTION:'Namespace' object has no attribute 'path'
UNHANDLED EXCEPTION:'Namespace' object has no attribute 'path'
UNHANDLED EXCEPTION:'Namespace' object has no attribute 'path'
UNHANDLED EXCEPTION:'Namespace' object has no attribute 'path'
UNHANDLED EXCEPTION:'Namespace' object has no attribute 'path'
UNHANDLED EXCEPTION:'Namespace' object has no attribute 'path'
UNHANDLED EXCEPTION:'Namespace' object has no attribute 'path'
UNHANDLED EXCEPTION:'Namespace' object has no attribute 'path'
UNHANDLED EXCEPTION:'Namespace' object has no attribute 'path'
UNHANDLED EXCEPTION:'Namespace' object has no attribute 'path'
UNHANDLED EXCEPTION:'Namespace' object has no attribute 'path'
UNHANDLED EXCEPTION:'Namespace' object has no attribute 'path'
UNHANDLED EXCEPTION:'Namespace' object has no attribute 'path'
UNHANDLED EXCEPTION:'Namespace' object has no attribute 'path'
UNHANDLED EXCEPTION:'Namespace' object has no attribute 'path'
UNHANDLED EXCEPTION:'Namespace' object has no attribute 'path'
UNHANDLED EXCEPTION:'Namespace' object has no attribute 'path'
UNHANDLED EXCEPTION:'Namespace' object has no attribute 'path'
UNHANDLED EXCEPTION:'Namespace' object has no attribute 'path'
UNHANDLED EXCEPTION:'Namespace' object has no attribute 'path'
UNHANDLED EXCEPTION:'Namespace' object has no attribute 'path'
UNHANDLED EXCEPTION:'Namespace' object has no attribute 'path'
UNHANDLED EXCEPTION:'Namespace' object has no attribute 'path'
UNHANDLED EXCEPTION:'Namespace' object has no attribute 'path'
UNHANDLED EXCEPTION:'Namespace' object has no attribute 'path'
UNHANDLED EXCEPTION:'Namespace' object has no attribute 'path'
UNHANDLED EXCEPTION:'Namespace' object has no attribute 'path'
Received SIGINT

-------------------------------------------------------
   Running dirwatcher.py
   Time was 0:01:34.364047
-------------------------------------------------------


-------------------------------------------------------
   Running dirwatcher.py
   Started on 2020-07-20T13:43:22.317079
-------------------------------------------------------

UNHANDLED EXCEPTION:'Namespace' object has no attribute 'magic'
UNHANDLED EXCEPTION:'Namespace' object has no attribute 'magic'
UNHANDLED EXCEPTION:'Namespace' object has no attribute 'magic'
UNHANDLED EXCEPTION:'Namespace' object has no attribute 'magic'
UNHANDLED EXCEPTION:'Namespace' object has no attribute 'magic'
UNHANDLED EXCEPTION:'Namespace' object has no attribute 'magic'
UNHANDLED EXCEPTION:'Namespace' object has no attribute 'magic'
UNHANDLED EXCEPTION:'Namespace' object has no attribute 'magic'
UNHANDLED EXCEPTION:'Namespace' object has no attribute 'magic'
UNHANDLED EXCEPTION:'Namespace' object has no attribute 'magic'
UNHANDLED EXCEPTION:'Namespace' object has no attribute 'magic'
UNHANDLED EXCEPTION:'Namespace' object has no attribute 'magic'
UNHANDLED EXCEPTION:'Namespace' object has no attribute 'magic'
UNHANDLED EXCEPTION:'Namespace' object has no attribute 'magic'
UNHANDLED EXCEPTION:'Namespace' object has no attribute 'magic'
UNHANDLED EXCEPTION:'Namespace' object has no attribute 'magic'
UNHANDLED EXCEPTION:'Namespace' object has no attribute 'magic'
UNHANDLED EXCEPTION:'Namespace' object has no attribute 'magic'
UNHANDLED EXCEPTION:'Namespace' object has no attribute 'magic'
UNHANDLED EXCEPTION:'Namespace' object has no attribute 'magic'
UNHANDLED EXCEPTION:'Namespace' object has no attribute 'magic'
UNHANDLED EXCEPTION:'Namespace' object has no attribute 'magic'
UNHANDLED EXCEPTION:'Namespace' object has no attribute 'magic'
UNHANDLED EXCEPTION:'Namespace' object has no attribute 'magic'
UNHANDLED EXCEPTION:'Namespace' object has no attribute 'magic'
UNHANDLED EXCEPTION:'Namespace' object has no attribute 'magic'
UNHANDLED EXCEPTION:'Namespace' object has no attribute 'magic'
UNHANDLED EXCEPTION:'Namespace' object has no attribute 'magic'
UNHANDLED EXCEPTION:'Namespace' object has no attribute 'magic'
UNHANDLED EXCEPTION:'Namespace' object has no attribute 'magic'
UNHANDLED EXCEPTION:'Namespace' object has no attribute 'magic'
UNHANDLED EXCEPTION:'Namespace' object has no attribute 'magic'
UNHANDLED EXCEPTION:'Namespace' object has no attribute 'magic'
UNHANDLED EXCEPTION:'Namespace' object has no attribute 'magic'
UNHANDLED EXCEPTION:'Namespace' object has no attribute 'magic'
UNHANDLED EXCEPTION:'Namespace' object has no attribute 'magic'
UNHANDLED EXCEPTION:'Namespace' object has no attribute 'magic'
UNHANDLED EXCEPTION:'Namespace' object has no attribute 'magic'
UNHANDLED EXCEPTION:'Namespace' object has no attribute 'magic'
UNHANDLED EXCEPTION:'Namespace' object has no attribute 'magic'
UNHANDLED EXCEPTION:'Namespace' object has no attribute 'magic'
UNHANDLED EXCEPTION:'Namespace' object has no attribute 'magic'
UNHANDLED EXCEPTION:'Namespace' object has no attribute 'magic'
UNHANDLED EXCEPTION:'Namespace' object has no attribute 'magic'
UNHANDLED EXCEPTION:'Namespace' object has no attribute 'magic'
UNHANDLED EXCEPTION:'Namespace' object has no attribute 'magic'
UNHANDLED EXCEPTION:'Namespace' object has no attribute 'magic'
UNHANDLED EXCEPTION:'Namespace' object has no attribute 'magic'
UNHANDLED EXCEPTION:'Namespace' object has no attribute 'magic'
UNHANDLED EXCEPTION:'Namespace' object has no attribute 'magic'
UNHANDLED EXCEPTION:'Namespace' object has no attribute 'magic'
Received SIGINT

-------------------------------------------------------
   Running dirwatcher.py
   Time was 0:00:51.193736
-------------------------------------------------------


-------------------------------------------------------
   Running dirwatcher.py
   Started on 2020-07-20T13:44:16.353716
-------------------------------------------------------

Watch Directory:watch_file, File Extension:.txt, Polling Interval:1.0, Magic Text:sea
watch.txt added to watchlist.
watch.txt removed from watchlist.
Watch Directory:watch_file, File Extension:.txt, Polling Interval:1.0, Magic Text:sea
watch.txt added to watchlist.
watch.txt removed from watchlist.
Watch Directory:watch_file, File Extension:.txt, Polling Interval:1.0, Magic Text:sea
watch.txt added to watchlist.
watch.txt removed from watchlist.
Watch Directory:watch_file, File Extension:.txt, Polling Interval:1.0, Magic Text:sea
watch.txt added to watchlist.
watch.txt removed from watchlist.
Watch Directory:watch_file, File Extension:.txt, Polling Interval:1.0, Magic Text:sea
watch.txt added to watchlist.
watch.txt removed from watchlist.
Watch Directory:watch_file, File Extension:.txt, Polling Interval:1.0, Magic Text:sea
watch.txt added to watchlist.
watch.txt removed from watchlist.
Watch Directory:watch_file, File Extension:.txt, Polling Interval:1.0, Magic Text:sea
watch.txt added to watchlist.
watch.txt removed from watchlist.
Watch Directory:watch_file, File Extension:.txt, Polling Interval:1.0, Magic Text:sea
watch.txt added to watchlist.
watch.txt removed from watchlist.
Watch Directory:watch_file, File Extension:.txt, Polling Interval:1.0, Magic Text:sea
watch.txt added to watchlist.
watch.txt removed from watchlist.
Watch Directory:watch_file, File Extension:.txt, Polling Interval:1.0, Magic Text:sea
watch.txt added to watchlist.
watch.txt removed from watchlist.
Watch Directory:watch_file, File Extension:.txt, Polling Interval:1.0, Magic Text:sea
watch.txt added to watchlist.
watch.txt removed from watchlist.
Watch Directory:watch_file, File Extension:.txt, Polling Interval:1.0, Magic Text:sea
watch.txt added to watchlist.
watch.txt removed from watchlist.
Watch Directory:watch_file, File Extension:.txt, Polling Interval:1.0, Magic Text:sea
watch.txt added to watchlist.
watch.txt removed from watchlist.
Watch Directory:watch_file, File Extension:.txt, Polling Interval:1.0, Magic Text:sea
watch.txt added to watchlist.
watch.txt removed from watchlist.
Watch Directory:watch_file, File Extension:.txt, Polling Interval:1.0, Magic Text:sea
watch.txt added to watchlist.
watch.txt removed from watchlist.
Watch Directory:watch_file, File Extension:.txt, Polling Interval:1.0, Magic Text:sea
watch.txt added to watchlist.
watch.txt removed from watchlist.
Watch Directory:watch_file, File Extension:.txt, Polling Interval:1.0, Magic Text:sea
watch.txt added to watchlist.
watch.txt removed from watchlist.
Watch Directory:watch_file, File Extension:.txt, Polling Interval:1.0, Magic Text:sea
watch.txt added to watchlist.
watch.txt removed from watchlist.
Watch Directory:watch_file, File Extension:.txt, Polling Interval:1.0, Magic Text:sea
watch.txt added to watchlist.
watch.txt removed from watchlist.
Watch Directory:watch_file, File Extension:.txt, Polling Interval:1.0, Magic Text:sea
watch.txt added to watchlist.
watch.txt removed from watchlist.
Watch Directory:watch_file, File Extension:.txt, Polling Interval:1.0, Magic Text:sea
watch.txt added to watchlist.
watch.txt removed from watchlist.
Watch Directory:watch_file, File Extension:.txt, Polling Interval:1.0, Magic Text:sea
watch.txt added to watchlist.
watch.txt removed from watchlist.
Watch Directory:watch_file, File Extension:.txt, Polling Interval:1.0, Magic Text:sea
watch.txt added to watchlist.
watch.txt removed from watchlist.
Watch Directory:watch_file, File Extension:.txt, Polling Interval:1.0, Magic Text:sea
watch.txt added to watchlist.
watch.txt removed from watchlist.
Watch Directory:watch_file, File Extension:.txt, Polling Interval:1.0, Magic Text:sea
watch.txt added to watchlist.
watch.txt removed from watchlist.
Watch Directory:watch_file, File Extension:.txt, Polling Interval:1.0, Magic Text:sea
watch.txt added to watchlist.
watch.txt removed from watchlist.
Watch Directory:watch_file, File Extension:.txt, Polling Interval:1.0, Magic Text:sea
watch.txt added to watchlist.
watch.txt removed from watchlist.
Watch Directory:watch_file, File Extension:.txt, Polling Interval:1.0, Magic Text:sea
watch.txt added to watchlist.
watch.txt removed from watchlist.
Watch Directory:watch_file, File Extension:.txt, Polling Interval:1.0, Magic Text:sea
watch.txt added to watchlist.
watch.txt removed from watchlist.
Watch Directory:watch_file, File Extension:.txt, Polling Interval:1.0, Magic Text:sea
watch.txt added to watchlist.
watch.txt removed from watchlist.
Watch Directory:watch_file, File Extension:.txt, Polling Interval:1.0, Magic Text:sea
watch.txt added to watchlist.
watch.txt removed from watchlist.
Watch Directory:watch_file, File Extension:.txt, Polling Interval:1.0, Magic Text:sea
watch.txt added to watchlist.
watch.txt removed from watchlist.
Watch Directory:watch_file, File Extension:.txt, Polling Interval:1.0, Magic Text:sea
watch.txt added to watchlist.
watch.txt removed from watchlist.
Watch Directory:watch_file, File Extension:.txt, Polling Interval:1.0, Magic Text:sea
watch.txt added to watchlist.
watch.txt removed from watchlist.
Watch Directory:watch_file, File Extension:.txt, Polling Interval:1.0, Magic Text:sea
watch.txt added to watchlist.
watch.txt removed from watchlist.
Watch Directory:watch_file, File Extension:.txt, Polling Interval:1.0, Magic Text:sea
watch.txt added to watchlist.
watch.txt removed from watchlist.
Watch Directory:watch_file, File Extension:.txt, Polling Interval:1.0, Magic Text:sea
watch.txt added to watchlist.
watch.txt removed from watchlist.
Watch Directory:watch_file, File Extension:.txt, Polling Interval:1.0, Magic Text:sea
watch.txt added to watchlist.
watch.txt removed from watchlist.
Watch Directory:watch_file, File Extension:.txt, Polling Interval:1.0, Magic Text:sea
watch.txt added to watchlist.
watch.txt removed from watchlist.
Watch Directory:watch_file, File Extension:.txt, Polling Interval:1.0, Magic Text:sea
watch.txt added to watchlist.
watch.txt removed from watchlist.
Watch Directory:watch_file, File Extension:.txt, Polling Interval:1.0, Magic Text:sea
watch.txt added to watchlist.
watch.txt removed from watchlist.
Watch Directory:watch_file, File Extension:.txt, Polling Interval:1.0, Magic Text:sea
watch.txt added to watchlist.
watch.txt removed from watchlist.
Watch Directory:watch_file, File Extension:.txt, Polling Interval:1.0, Magic Text:sea
watch.txt added to watchlist.
watch.txt removed from watchlist.
Watch Directory:watch_file, File Extension:.txt, Polling Interval:1.0, Magic Text:sea
watch.txt added to watchlist.
watch.txt removed from watchlist.
Watch Directory:watch_file, File Extension:.txt, Polling Interval:1.0, Magic Text:sea
watch.txt added to watchlist.
watch.txt removed from watchlist.
Watch Directory:watch_file, File Extension:.txt, Polling Interval:1.0, Magic Text:sea
watch.txt added to watchlist.
watch.txt removed from watchlist.
Watch Directory:watch_file, File Extension:.txt, Polling Interval:1.0, Magic Text:sea
watch.txt added to watchlist.
watch.txt removed from watchlist.
Watch Directory:watch_file, File Extension:.txt, Polling Interval:1.0, Magic Text:sea
watch.txt added to watchlist.
watch.txt removed from watchlist.
Watch Directory:watch_file, File Extension:.txt, Polling Interval:1.0, Magic Text:sea
watch.txt added to watchlist.
watch.txt removed from watchlist.
Watch Directory:watch_file, File Extension:.txt, Polling Interval:1.0, Magic Text:sea
watch.txt added to watchlist.
watch.txt removed from watchlist.
Watch Directory:watch_file, File Extension:.txt, Polling Interval:1.0, Magic Text:sea
watch.txt added to watchlist.
watch.txt removed from watchlist.
Watch Directory:watch_file, File Extension:.txt, Polling Interval:1.0, Magic Text:sea
watch.txt added to watchlist.
watch.txt removed from watchlist.
Watch Directory:watch_file, File Extension:.txt, Polling Interval:1.0, Magic Text:sea
watch.txt added to watchlist.
watch.txt removed from watchlist.
Watch Directory:watch_file, File Extension:.txt, Polling Interval:1.0, Magic Text:sea
watch.txt added to watchlist.
watch.txt removed from watchlist.
Watch Directory:watch_file, File Extension:.txt, Polling Interval:1.0, Magic Text:sea
watch.txt added to watchlist.
watch.txt removed from watchlist.
Watch Directory:watch_file, File Extension:.txt, Polling Interval:1.0, Magic Text:sea
watch.txt added to watchlist.
watch.txt removed from watchlist.
Watch Directory:watch_file, File Extension:.txt, Polling Interval:1.0, Magic Text:sea
watch.txt added to watchlist.
watch.txt removed from watchlist.
Watch Directory:watch_file, File Extension:.txt, Polling Interval:1.0, Magic Text:sea
watch.txt added to watchlist.
watch.txt removed from watchlist.
Watch Directory:watch_file, File Extension:.txt, Polling Interval:1.0, Magic Text:sea
watch.txt added to watchlist.
watch.txt removed from watchlist.
Watch Directory:watch_file, File Extension:.txt, Polling Interval:1.0, Magic Text:sea
watch.txt added to watchlist.
watch.txt removed from watchlist.
Watch Directory:watch_file, File Extension:.txt, Polling Interval:1.0, Magic Text:sea
watch.txt added to watchlist.
watch.txt removed from watchlist.
Watch Directory:watch_file, File Extension:.txt, Polling Interval:1.0, Magic Text:sea
watch.txt added to watchlist.
watch.txt removed from watchlist.
Watch Directory:watch_file, File Extension:.txt, Polling Interval:1.0, Magic Text:sea
watch.txt added to watchlist.
watch.txt removed from watchlist.
Watch Directory:watch_file, File Extension:.txt, Polling Interval:1.0, Magic Text:sea
watch.txt added to watchlist.
watch.txt removed from watchlist.
Watch Directory:watch_file, File Extension:.txt, Polling Interval:1.0, Magic Text:sea
watch.txt added to watchlist.
watch.txt removed from watchlist.
Watch Directory:watch_file, File Extension:.txt, Polling Interval:1.0, Magic Text:sea
watch.txt added to watchlist.
watch.txt removed from watchlist.
Watch Directory:watch_file, File Extension:.txt, Polling Interval:1.0, Magic Text:sea
watch.txt added to watchlist.
watch.txt removed from watchlist.
Watch Directory:watch_file, File Extension:.txt, Polling Interval:1.0, Magic Text:sea
watch.txt added to watchlist.
watch.txt removed from watchlist.
Watch Directory:watch_file, File Extension:.txt, Polling Interval:1.0, Magic Text:sea
watch.txt added to watchlist.
watch.txt removed from watchlist.
Watch Directory:watch_file, File Extension:.txt, Polling Interval:1.0, Magic Text:sea
watch.txt added to watchlist.
watch.txt removed from watchlist.
Watch Directory:watch_file, File Extension:.txt, Polling Interval:1.0, Magic Text:sea
watch.txt added to watchlist.
watch.txt removed from watchlist.
Watch Directory:watch_file, File Extension:.txt, Polling Interval:1.0, Magic Text:sea
watch.txt added to watchlist.
watch.txt removed from watchlist.
Watch Directory:watch_file, File Extension:.txt, Polling Interval:1.0, Magic Text:sea
watch.txt added to watchlist.
watch.txt removed from watchlist.
Watch Directory:watch_file, File Extension:.txt, Polling Interval:1.0, Magic Text:sea
watch.txt added to watchlist.
watch.txt removed from watchlist.
Watch Directory:watch_file, File Extension:.txt, Polling Interval:1.0, Magic Text:sea
watch.txt added to watchlist.
watch.txt removed from watchlist.
Watch Directory:watch_file, File Extension:.txt, Polling Interval:1.0, Magic Text:sea
watch.txt added to watchlist.
watch.txt removed from watchlist.
Received SIGINT

-------------------------------------------------------
   Running dirwatcher.py
   Time was 0:01:16.299340
-------------------------------------------------------


-------------------------------------------------------
   Running dirwatcher.py
   Started on 2020-07-20T13:59:23.112555
-------------------------------------------------------

UNHANDLED EXCEPTION:'Namespace' object has no attribute 'extension'
UNHANDLED EXCEPTION:'Namespace' object has no attribute 'extension'
UNHANDLED EXCEPTION:'Namespace' object has no attribute 'extension'
UNHANDLED EXCEPTION:'Namespace' object has no attribute 'extension'
UNHANDLED EXCEPTION:'Namespace' object has no attribute 'extension'
UNHANDLED EXCEPTION:'Namespace' object has no attribute 'extension'
UNHANDLED EXCEPTION:'Namespace' object has no attribute 'extension'
UNHANDLED EXCEPTION:'Namespace' object has no attribute 'extension'
UNHANDLED EXCEPTION:'Namespace' object has no attribute 'extension'
UNHANDLED EXCEPTION:'Namespace' object has no attribute 'extension'
UNHANDLED EXCEPTION:'Namespace' object has no attribute 'extension'
UNHANDLED EXCEPTION:'Namespace' object has no attribute 'extension'
UNHANDLED EXCEPTION:'Namespace' object has no attribute 'extension'
UNHANDLED EXCEPTION:'Namespace' object has no attribute 'extension'
UNHANDLED EXCEPTION:'Namespace' object has no attribute 'extension'
UNHANDLED EXCEPTION:'Namespace' object has no attribute 'extension'
UNHANDLED EXCEPTION:'Namespace' object has no attribute 'extension'
UNHANDLED EXCEPTION:'Namespace' object has no attribute 'extension'
UNHANDLED EXCEPTION:'Namespace' object has no attribute 'extension'
UNHANDLED EXCEPTION:'Namespace' object has no attribute 'extension'
UNHANDLED EXCEPTION:'Namespace' object has no attribute 'extension'
Received SIGINT

-------------------------------------------------------
   Running dirwatcher.py
   Time was 0:00:21.087229
-------------------------------------------------------


-------------------------------------------------------
   Running dirwatcher.py
   Started on 2020-07-20T14:01:46.669960
-------------------------------------------------------

watch.txt added to watchlist.
This file: watch_file/watch.txt found: sea on line: 1
This file: watch_file/watch.txt found: sea on line: 2
This file: watch_file/watch.txt found: sea on line: 3
This file: watch_file/watch.txt found: sea on line: 4
Received SIGINT

-------------------------------------------------------
   Running dirwatcher.py
   Time was 0:00:19.067103
-------------------------------------------------------


-------------------------------------------------------
   Running dirwatcher.py
   PID is 68338
   Started on 2020-07-20T14:03:25.550156
-------------------------------------------------------

watch.txt added to watchlist.
This file: watch_file/watch.txt found: sea on line: 1
This file: watch_file/watch.txt found: sea on line: 2
This file: watch_file/watch.txt found: sea on line: 3
This file: watch_file/watch.txt found: sea on line: 4

-------------------------------------------------------
   Running dirwatcher.py
   PID is 68565
   Started on 2020-07-20T14:04:12.830094
-------------------------------------------------------

watch.txt added to watchlist.
This file: watch_file/watch.txt found: sea on line: 1
This file: watch_file/watch.txt found: sea on line: 2
This file: watch_file/watch.txt found: sea on line: 3
This file: watch_file/watch.txt found: sea on line: 4
Received SIGTERM

-------------------------------------------------------
   Running dirwatcher.py
   Time was 0:00:33.118848
-------------------------------------------------------

